MPASM 5.72                        INICIO.ASM   4-21-2021  14:59:04         PAGE  1


LOC  OBJECT CODE     LINE SOURCE TEXT
  VALUE

                      00001 
                      00002 ; PIC16F886 Configuration Bit Settings
                      00003 
                      00004 ; Assembly source line config statements
                      00005 
                      00006 #include "p16f886.inc"
                      00001         LIST
                      00002 
                      00003 ;==========================================================================
                      00004 ; Build date : Jan 30 2017
                      00005 ;  MPASM PIC16F886 processor include
                      00006 ; 
                      00007 ;  (c) Copyright 1999-2017 Microchip Technology, All rights reserved
                      00008 ;==========================================================================
                      00009 
                      00779         LIST
                      00007 
                      00008 ;********** F U S E S **********************************************************
                      00009 ;   Bits de configuración del MCU
                      00010 ; CONFIG1
2007   2FE4           00011     __CONFIG _CONFIG1, _FOSC_INTRC_NOCLKOUT & _WDTE_OFF & _PWRTE_ON & _MCLRE_ON & _CP_OFF & _CPD_OFF & _
                            BOREN_ON & _IESO_ON & _FCMEN_ON & _LVP_OFF
                      00012 ; CONFIG2
2008   3FFF           00013     __CONFIG _CONFIG2, _BOR4V_BOR40V & _WRT_OFF
                      00014 
                      00015 ;Variables
  00000064            00016 Periodo     equ     .100 
                      00017 ;Periodo = (PR2+1)*Prescaler*4*Tosc
                      00018             
  00000020            00019 Duty_On     equ     0x20        ;Vairalbes de ancho de pulso
  00000021            00020 Duty_Off    equ     0x21
                      00021             
                      00022     
                      00023 ;CODIGO    
                      00024     ORG     0
0000   2???           00025     GOTO    INICIO
                      00026     
                      00027     
0001                  00028 INICIO
0001   1683           00029     BSF     STATUS,RP0
0002   1703           00030     BSF     STATUS,RP1      ;Banco 3
Message[302]: Register in operand not in bank 0.  Ensure that bank bits are correct.
0003   0188           00031     CLRF    ANSEL           ;RA0 -> Entrada analógica
Message[302]: Register in operand not in bank 0.  Ensure that bank bits are correct.
0004   1408           00032     BSF     ANSEL,0
Message[302]: Register in operand not in bank 0.  Ensure that bank bits are correct.
0005   0189           00033     CLRF    ANSELH          ;PORTB -> como digital 
                      00034     
0006   1303           00035     BCF     STATUS,RP1  ;Banco 1
                      00036     ;############### Fracuencia del MCU ##########################################
0007   3071           00037     movlw   0x71    ;Cargo valor a w 
Message[302]: Register in operand not in bank 0.  Ensure that bank bits are correct.
0008   008F           00038     movwf   OSCCON  ;Oscilador interno 8MHz --> IRCF<2:0> = 1, CCS = 1
MPASM 5.72                        INICIO.ASM   4-21-2021  14:59:04         PAGE  2


LOC  OBJECT CODE     LINE SOURCE TEXT
  VALUE

                      00039     ;############################################################################
                      00040     
                      00041 ;    MOVLW   B'11111011'
Message[302]: Register in operand not in bank 0.  Ensure that bank bits are correct.
0009   0187           00042     CLRF    TRISC       ;CCP1 salida
Message[302]: Register in operand not in bank 0.  Ensure that bank bits are correct.
000A   019F           00043     CLRF    ADCON1      ;ADC -> Alineación izquierda, Vref = VDD
000B   1283           00044     BCF     STATUS,RP0  ;Banco 0
000C                  00045 START
000C   3081           00046     MOVLW   B'10000001'
000D   009F           00047     MOVWF   ADCON0      ;Activamos ADC, Selecciona canal AN0
000E   130C           00048     BCF     PIR1,ADIF   ;Restauramos el flags del ADC
000F   149F           00049     BSF     ADCON0,GO   ;Inicia la conversión
0010                  00050 ADC_start               ;Inicia el ADC y se lee los resultados
0010   1F0C           00051     BTFSS   PIR1,ADIF   ;Pregunta si se acabó con la conversión
0011   2???           00052     GOTO    ADC_start   ;Si aún no se acabó regresa a ADC_start
0012   081E           00053     MOVF    ADRESH,W
0013   00A0           00054     MOVWF   Duty_On     ;Registra el valor para el periodo
0014   1683           00055     BSF     STATUS,RP0  ;Banco 1
Message[302]: Register in operand not in bank 0.  Ensure that bank bits are correct.
0015   0C9E           00056     RRF     ADRESL,F    ;Hace un corrimiento a la derecha aumentando 1
Message[302]: Register in operand not in bank 0.  Ensure that bank bits are correct.
0016   0C1E           00057     RRF     ADRESL,W
0017   1283           00058     BCF     STATUS,RP0  ;Banco 0
0018   3930           00059     ANDLW   B'00110000'
0019   00A1           00060     MOVWF   Duty_Off    ;Se guarda la conversión más baja en Duty_Off
                      00061 ;Configuración PWM
001A   300C           00062     MOVLW   B'00001100'
001B   04A1           00063     IORWF   Duty_Off,F  ;Se obtienen los valores del Duty_Off
001C   0097           00064     MOVWF   CCP1CON     ;Modo PWM para el CCP1
                      00065 ;Registro PR2
001D   3063           00066     MOVLW   Periodo-1
001E   1683           00067     BSF     STATUS,RP0
Message[302]: Register in operand not in bank 0.  Ensure that bank bits are correct.
001F   0092           00068     MOVWF   PR2         ;Periodo se guarda en el PR2
0020   1283           00069     BCF     STATUS,RP0
                      00070 ;Anchura del pulso
0021   0820           00071     MOVF    Duty_On,W   ;Guardamos Duty_On -> W
0022   0095           00072     MOVWF   CCPR1L      ;Y se determina concatenando en el registro CCPR1L
                      00073 ;Prescaler
0023   3007           00074     MOVLW   B'00000111' ;Prescaler 1:16 y frecuencia de 20MHz 
0024   0092           00075     MOVWF   T2CON
0025   2???           00076     GOTO    START       ;    
2FE4 3FFF             00077     END
MPASM 5.72                        INICIO.ASM   4-21-2021  14:59:04         PAGE  3


SYMBOL TABLE
  LABEL                             VALUE 

ABDEN                             00000000
ABDOVF                            00000007
ACKDT                             00000005
ACKEN                             00000004
ACKSTAT                           00000006
ADCON0                            0000001F
ADCON1                            0000009F
ADCS0                             00000006
ADCS1                             00000007
ADC_start                         00000010
ADDEN                             00000003
ADFM                              00000007
ADIE                              00000006
ADIF                              00000006
ADON                              00000000
ADRESH                            0000001E
ADRESL                            0000009E
ANS0                              00000000
ANS1                              00000001
ANS10                             00000002
ANS11                             00000003
ANS12                             00000004
ANS13                             00000005
ANS2                              00000002
ANS3                              00000003
ANS4                              00000004
ANS8                              00000000
ANS9                              00000001
ANSEL                             00000188
ANSELH                            00000189
BAUDCTL                           00000187
BCLIE                             00000003
BCLIF                             00000003
BF                                00000000
BRG0                              00000000
BRG1                              00000001
BRG10                             00000002
BRG11                             00000003
BRG12                             00000004
BRG13                             00000005
BRG14                             00000006
BRG15                             00000007
BRG16                             00000003
BRG2                              00000002
BRG3                              00000003
BRG4                              00000004
BRG5                              00000005
BRG6                              00000006
BRG7                              00000007
BRG8                              00000000
BRG9                              00000001
BRGH                              00000002
C                                 00000000
MPASM 5.72                        INICIO.ASM   4-21-2021  14:59:04         PAGE  4


SYMBOL TABLE
  LABEL                             VALUE 

C1CH0                             00000000
C1CH1                             00000001
C1IE                              00000005
C1IF                              00000005
C1OE                              00000005
C1ON                              00000007
C1OUT                             00000006
C1POL                             00000004
C1R                               00000002
C1RSEL                            00000005
C1SEN                             00000005
C2CH0                             00000000
C2CH1                             00000001
C2IE                              00000006
C2IF                              00000006
C2OE                              00000005
C2ON                              00000007
C2OUT                             00000006
C2POL                             00000004
C2R                               00000002
C2REN                             00000004
C2RSEL                            00000004
C2SYNC                            00000000
CCP1CON                           00000017
CCP1IE                            00000002
CCP1IF                            00000002
CCP1M0                            00000000
CCP1M1                            00000001
CCP1M2                            00000002
CCP1M3                            00000003
CCP1X                             00000005
CCP1Y                             00000004
CCP2CON                           0000001D
CCP2IE                            00000000
CCP2IF                            00000000
CCP2M0                            00000000
CCP2M1                            00000001
CCP2M2                            00000002
CCP2M3                            00000003
CCP2X                             00000005
CCP2Y                             00000004
CCPR1                             00000015
CCPR1H                            00000016
CCPR1L                            00000015
CCPR2                             0000001B
CCPR2H                            0000001C
CCPR2L                            0000001B
CHS0                              00000002
CHS1                              00000003
CHS2                              00000004
CHS3                              00000005
CKE                               00000006
CKP                               00000004
MPASM 5.72                        INICIO.ASM   4-21-2021  14:59:04         PAGE  5


SYMBOL TABLE
  LABEL                             VALUE 

CM1CON0                           00000107
CM2CON0                           00000108
CM2CON1                           00000109
CREN                              00000004
CSRC                              00000007
D                                 00000005
DATA_ADDRESS                      00000005
DC                                00000001
DC1B0                             00000004
DC1B1                             00000005
DC2B0                             00000004
DC2B1                             00000005
D_A                               00000005
D_NOT_A                           00000005
Duty_Off                          00000021
Duty_On                           00000020
ECCPAS                            0000009C
ECCPAS0                           00000004
ECCPAS1                           00000005
ECCPAS2                           00000006
ECCPASE                           00000007
EEADR                             0000010D
EEADRH                            0000010F
EECON1                            0000018C
EECON2                            0000018D
EEDAT                             0000010C
EEDATA                            0000010C
EEDATH                            0000010E
EEIE                              00000004
EEIF                              00000004
EEPGD                             00000007
F                                 00000001
FERR                              00000002
FSR                               00000004
FVREN                             00000000
GCEN                              00000007
GIE                               00000007
GO                                00000001
GO_DONE                           00000001
GO_NOT_DONE                       00000001
HTS                               00000002
I2C_DATA                          00000005
I2C_READ                          00000002
I2C_START                         00000003
I2C_STOP                          00000004
INDF                              00000000
INICIO                            00000001
INTCON                            0000000B
INTE                              00000004
INTEDG                            00000006
INTF                              00000001
IOCB                              00000096
IOCB0                             00000000
MPASM 5.72                        INICIO.ASM   4-21-2021  14:59:04         PAGE  6


SYMBOL TABLE
  LABEL                             VALUE 

IOCB1                             00000001
IOCB2                             00000002
IOCB3                             00000003
IOCB4                             00000004
IOCB5                             00000005
IOCB6                             00000006
IOCB7                             00000007
IRCF0                             00000004
IRCF1                             00000005
IRCF2                             00000006
IRP                               00000007
LTS                               00000001
MC1OUT                            00000007
MC2OUT                            00000006
MSK                               00000093
MSK0                              00000000
MSK1                              00000001
MSK2                              00000002
MSK3                              00000003
MSK4                              00000004
MSK5                              00000005
MSK6                              00000006
MSK7                              00000007
NOT_A                             00000005
NOT_ADDRESS                       00000005
NOT_BO                            00000000
NOT_BOR                           00000000
NOT_DONE                          00000001
NOT_PD                            00000003
NOT_POR                           00000001
NOT_RBPU                          00000007
NOT_RC8                           00000006
NOT_T1SYNC                        00000002
NOT_TO                            00000004
NOT_TX8                           00000006
NOT_W                             00000002
NOT_WRITE                         00000002
OERR                              00000001
OPTION_REG                        00000081
OSCCON                            0000008F
OSCTUNE                           00000090
OSFIE                             00000007
OSFIF                             00000007
OSTS                              00000003
P                                 00000004
P1M0                              00000006
P1M1                              00000007
PCL                               00000002
PCLATH                            0000000A
PCON                              0000008E
PDC0                              00000000
PDC1                              00000001
PDC2                              00000002
MPASM 5.72                        INICIO.ASM   4-21-2021  14:59:04         PAGE  7


SYMBOL TABLE
  LABEL                             VALUE 

PDC3                              00000003
PDC4                              00000004
PDC5                              00000005
PDC6                              00000006
PEIE                              00000006
PEN                               00000002
PIE1                              0000008C
PIE2                              0000008D
PIR1                              0000000C
PIR2                              0000000D
PORTA                             00000005
PORTB                             00000006
PORTC                             00000007
PORTE                             00000009
PR2                               00000092
PRSEN                             00000007
PS0                               00000000
PS1                               00000001
PS2                               00000002
PSA                               00000003
PSSAC0                            00000002
PSSAC1                            00000003
PSSBD0                            00000000
PSSBD1                            00000001
PSTRCON                           0000009D
PULSR                             00000002
PULSS                             00000003
PWM1CON                           0000009B
Periodo                           00000064
R                                 00000002
RA0                               00000000
RA1                               00000001
RA2                               00000002
RA3                               00000003
RA4                               00000004
RA5                               00000005
RA6                               00000006
RA7                               00000007
RB0                               00000000
RB1                               00000001
RB2                               00000002
RB3                               00000003
RB4                               00000004
RB5                               00000005
RB6                               00000006
RB7                               00000007
RBIE                              00000003
RBIF                              00000000
RC0                               00000000
RC1                               00000001
RC2                               00000002
RC3                               00000003
RC4                               00000004
MPASM 5.72                        INICIO.ASM   4-21-2021  14:59:04         PAGE  8


SYMBOL TABLE
  LABEL                             VALUE 

RC5                               00000005
RC6                               00000006
RC7                               00000007
RC8_9                             00000006
RC9                               00000006
RCD8                              00000000
RCEN                              00000003
RCIDL                             00000006
RCIE                              00000005
RCIF                              00000005
RCREG                             0000001A
RCSTA                             00000018
RD                                00000000
RE3                               00000003
READ_WRITE                        00000002
RP0                               00000005
RP1                               00000006
RSEN                              00000001
RX9                               00000006
RX9D                              00000000
R_NOT_W                           00000002
R_W                               00000002
S                                 00000003
SBOREN                            00000004
SCKP                              00000004
SCS                               00000000
SEN                               00000000
SENDB                             00000003
SMP                               00000007
SPBRG                             00000099
SPBRGH                            0000009A
SPEN                              00000007
SR0                               00000006
SR1                               00000007
SRCON                             00000185
SREN                              00000005
SSPADD                            00000093
SSPBUF                            00000013
SSPCON                            00000014
SSPCON2                           00000091
SSPEN                             00000005
SSPIE                             00000003
SSPIF                             00000003
SSPM0                             00000000
SSPM1                             00000001
SSPM2                             00000002
SSPM3                             00000003
SSPMSK                            00000093
SSPOV                             00000006
SSPSTAT                           00000094
START                             0000000C
STATUS                            00000003
STRA                              00000000
MPASM 5.72                        INICIO.ASM   4-21-2021  14:59:04         PAGE  9


SYMBOL TABLE
  LABEL                             VALUE 

STRB                              00000001
STRC                              00000002
STRD                              00000003
STRSYNC                           00000004
SWDTEN                            00000000
SYNC                              00000004
T0CS                              00000005
T0IE                              00000005
T0IF                              00000002
T0SE                              00000004
T1CKPS0                           00000004
T1CKPS1                           00000005
T1CON                             00000010
T1GINV                            00000007
T1GIV                             00000007
T1GSS                             00000001
T1INSYNC                          00000002
T1OSCEN                           00000003
T1SYNC                            00000002
T2CKPS0                           00000000
T2CKPS1                           00000001
T2CON                             00000012
TMR0                              00000001
TMR0IE                            00000005
TMR0IF                            00000002
TMR1                              0000000E
TMR1CS                            00000001
TMR1GE                            00000006
TMR1H                             0000000F
TMR1IE                            00000000
TMR1IF                            00000000
TMR1L                             0000000E
TMR1ON                            00000000
TMR2                              00000011
TMR2IE                            00000001
TMR2IF                            00000001
TMR2ON                            00000002
TOUTPS0                           00000003
TOUTPS1                           00000004
TOUTPS2                           00000005
TOUTPS3                           00000006
TRISA                             00000085
TRISA0                            00000000
TRISA1                            00000001
TRISA2                            00000002
TRISA3                            00000003
TRISA4                            00000004
TRISA5                            00000005
TRISA6                            00000006
TRISA7                            00000007
TRISB                             00000086
TRISB0                            00000000
TRISB1                            00000001
MPASM 5.72                        INICIO.ASM   4-21-2021  14:59:04         PAGE 10


SYMBOL TABLE
  LABEL                             VALUE 

TRISB2                            00000002
TRISB3                            00000003
TRISB4                            00000004
TRISB5                            00000005
TRISB6                            00000006
TRISB7                            00000007
TRISC                             00000087
TRISC0                            00000000
TRISC1                            00000001
TRISC2                            00000002
TRISC3                            00000003
TRISC4                            00000004
TRISC5                            00000005
TRISC6                            00000006
TRISC7                            00000007
TRISE                             00000089
TRISE3                            00000003
TRMT                              00000001
TUN0                              00000000
TUN1                              00000001
TUN2                              00000002
TUN3                              00000003
TUN4                              00000004
TX8_9                             00000006
TX9                               00000006
TX9D                              00000000
TXD8                              00000000
TXEN                              00000005
TXIE                              00000004
TXIF                              00000004
TXREG                             00000019
TXSTA                             00000098
UA                                00000001
ULPWUE                            00000005
ULPWUIE                           00000002
ULPWUIF                           00000002
VCFG0                             00000004
VCFG1                             00000005
VR0                               00000000
VR1                               00000001
VR2                               00000002
VR3                               00000003
VRCON                             00000097
VREN                              00000007
VROE                              00000006
VRR                               00000005
VRSS                              00000004
W                                 00000000
WCOL                              00000007
WDTCON                            00000105
WDTPS0                            00000001
WDTPS1                            00000002
WDTPS2                            00000003
MPASM 5.72                        INICIO.ASM   4-21-2021  14:59:04         PAGE 11


SYMBOL TABLE
  LABEL                             VALUE 

WDTPS3                            00000004
WPUB                              00000095
WPUB0                             00000000
WPUB1                             00000001
WPUB2                             00000002
WPUB3                             00000003
WPUB4                             00000004
WPUB5                             00000005
WPUB6                             00000006
WPUB7                             00000007
WR                                00000001
WREN                              00000002
WRERR                             00000003
WUE                               00000001
Z                                 00000002
_BOR21V                           00003EFF
_BOR40V                           00003FFF
_BOR4V_BOR21V                     00003EFF
_BOR4V_BOR40V                     00003FFF
_BOREN_NSLEEP                     00003EFF
_BOREN_OFF                        00003CFF
_BOREN_ON                         00003FFF
_BOREN_SBODEN                     00003DFF
_BOR_NSLEEP                       00003EFF
_BOR_OFF                          00003CFF
_BOR_ON                           00003FFF
_BOR_SBODEN                       00003DFF
_CONFIG1                          00002007
_CONFIG2                          00002008
_CPD_OFF                          00003FFF
_CPD_ON                           00003F7F
_CP_OFF                           00003FFF
_CP_ON                            00003FBF
_DEBUG_OFF                        00003FFF
_DEBUG_ON                         00001FFF
_DEVID1                           00002006
_EC_OSC                           00003FFB
_EXTRC                            00003FFF
_EXTRCIO                          00003FFE
_EXTRC_OSC_CLKOUT                 00003FFF
_EXTRC_OSC_NOCLKOUT               00003FFE
_FCMEN_OFF                        000037FF
_FCMEN_ON                         00003FFF
_FOSC_EC                          00003FFB
_FOSC_EXTRC_CLKOUT                00003FFF
_FOSC_EXTRC_NOCLKOUT              00003FFE
_FOSC_HS                          00003FFA
_FOSC_INTRC_CLKOUT                00003FFD
_FOSC_INTRC_NOCLKOUT              00003FFC
_FOSC_LP                          00003FF8
_FOSC_XT                          00003FF9
_HS_OSC                           00003FFA
_IDLOC0                           00002000
MPASM 5.72                        INICIO.ASM   4-21-2021  14:59:04         PAGE 12


SYMBOL TABLE
  LABEL                             VALUE 

_IDLOC1                           00002001
_IDLOC2                           00002002
_IDLOC3                           00002003
_IESO_OFF                         00003BFF
_IESO_ON                          00003FFF
_INTOSC                           00003FFD
_INTOSCIO                         00003FFC
_INTRC_OSC_CLKOUT                 00003FFD
_INTRC_OSC_NOCLKOUT               00003FFC
_LP_OSC                           00003FF8
_LVP_OFF                          00002FFF
_LVP_ON                           00003FFF
_MCLRE_OFF                        00003FDF
_MCLRE_ON                         00003FFF
_PWRTE_OFF                        00003FFF
_PWRTE_ON                         00003FEF
_WDTE_OFF                         00003FF7
_WDTE_ON                          00003FFF
_WDT_OFF                          00003FF7
_WDT_ON                           00003FFF
_WRT_1FOURTH                      00003BFF
_WRT_256                          00003DFF
_WRT_HALF                         000039FF
_WRT_OFF                          00003FFF
_XT_OSC                           00003FF9
__16F886                          00000001
__DEBUG                           
__MPLAB_DEBUGGER_SIMULATOR        1

Errors   :     0
Warnings :     0 reported,     0 suppressed
Messages :     9 reported,     0 suppressed

